<?xml version="1.0" encoding="UTF-8"?>
<!-- Generated by org.testng.reporters.JUnitReportReporter -->
<testsuite hostname="PW03VN5P" failures="0" tests="1" name="cucumberOptions.runnerClass" time="30.610" errors="0" timestamp="2023-07-04T23:08:49 IST" skipped="0">
  <testcase classname="cucumberOptions.runnerClass" name="runScenario" time="30.610"/>
  <system-out/>
</testsuite> <!-- cucumberOptions.runnerClass -->
